<?xml version="1.0" encoding="UTF-8"?>
<!-- Generated by org.testng.reporters.JUnitXMLReporter -->
<testsuite hostname="LT070613" ignored="0" name="GoogleChrome(failed)" tests="1" failures="1" timestamp="15 May 2018 13:00:04 GMT" time="17.912" errors="0">
  <testcase name="verifyFetchMenuElements" time="6.892" classname="testng.DisappearingElementsPageTest">
    <failure type="java.lang.AssertionError" message="expected [5] but found [4]">
      <![CDATA[java.lang.AssertionError: expected [5] but found [4]
at testng.DisappearingElementsPageTest.verifyFetchMenuElements(DisappearingElementsPageTest.java:36)
at java.util.concurrent.ThreadPoolExecutor.runWorker(ThreadPoolExecutor.java:1142)
at java.util.concurrent.ThreadPoolExecutor$Worker.run(ThreadPoolExecutor.java:617)
at java.lang.Thread.run(Thread.java:745)
... Removed 16 stack frames]]>
    </failure>
  </testcase> <!-- verifyFetchMenuElements -->
</testsuite> <!-- GoogleChrome(failed) -->
