<!DOCTYPE html PUBLIC "-//W3C//DTD XHTML 1.1//EN" "http://www.w3.org/TR/xhtml11/DTD/xhtml11.dtd">
<html xmlns="http://www.w3.org/1999/xhtml">
<head>
<meta http-equiv="content-type" content="text/html; charset=UTF-8"/>
<title>TestNG Report</title>
<style type="text/css">table {margin-bottom:10px;border-collapse:collapse;empty-cells:show}th,td {border:1px solid #009;padding:.25em .5em}th {vertical-align:bottom}td {vertical-align:top}table a {font-weight:bold}.stripe td {background-color: #E6EBF9}.num {text-align:right}.passedodd td {background-color: #3F3}.passedeven td {background-color: #0A0}.skippedodd td {background-color: #DDD}.skippedeven td {background-color: #CCC}.failedodd td,.attn {background-color: #F33}.failedeven td,.stripe .attn {background-color: #D00}.stacktrace {white-space:pre;font-family:monospace}.totop {font-size:85%;text-align:center;border-bottom:2px solid #000}.invisible {display:none}</style>
</head>
<body>
<table>
<tr><th>Test</th><th># Passed</th><th># Skipped</th><th># Failed</th><th>Time (ms)</th><th>Included Groups</th><th>Excluded Groups</th></tr>
<tr><th colspan="7">Multiple Browser</th></tr>
<tr><td><a href="#t0">GoogleChrome</a></td><td class="num">9</td><td class="num">0</td><td class="num attn">1</td><td class="num">96,053</td><td></td><td></td></tr>
<tr class="stripe"><td><a href="#t1">Firefox</a></td><td class="num">9</td><td class="num">0</td><td class="num attn">1</td><td class="num">124,684</td><td></td><td></td></tr>
<tr><th>Total</th><th class="num">18</th><th class="num">0</th><th class="num attn">2</th><th class="num">220,737</th><th colspan="2"></th></tr>
</table>
<table id='summary'><thead><tr><th>Class</th><th>Method</th><th>Start</th><th>Time (ms)</th></tr></thead><tbody><tr><th colspan="4">Multiple Browser</th></tr></tbody><tbody id="t0"><tr><th colspan="4">GoogleChrome &#8212; failed</th></tr><tr class="failedeven"><td rowspan="1">testng.DisappearingElementsPageTest</td><td><a href="#m0">verifyBasicAuthLogin</a></td><td rowspan="1">1526388333093</td><td rowspan="1">10472</td></tr><tr><th colspan="4">GoogleChrome &#8212; passed</th></tr><tr class="passedeven"><td rowspan="1">testng.BasicAuthTest</td><td><a href="#m1">verifyBasicAuthLogin</a></td><td rowspan="1">1526388290805</td><td rowspan="1">22529</td></tr><tr class="passedodd"><td rowspan="1">testng.BrokenImagesTest</td><td><a href="#m2">verifyBrokenImagaes</a></td><td rowspan="1">1526388294219</td><td rowspan="1">27578</td></tr><tr class="passedeven"><td rowspan="2">testng.ChallengingDomPageTest</td><td><a href="#m3">verifyButtonsAvailiablity</a></td><td rowspan="1">1526388316113</td><td rowspan="1">13274</td></tr><tr class="passedeven"><td><a href="#m4">verifyCanvasAvailiablity</a></td><td rowspan="1">1526388329389</td><td rowspan="1">569</td></tr><tr class="passedodd"><td rowspan="2">testng.CheckboxesPageTest</td><td><a href="#m5">verifyCheckAllCheckboxes</a></td><td rowspan="1">1526388316169</td><td rowspan="1">11589</td></tr><tr class="passedodd"><td><a href="#m6">verifyUncheckAllCheckboxes</a></td><td rowspan="1">1526388327762</td><td rowspan="1">904</td></tr><tr class="passedeven"><td rowspan="2">testng.DropDownPageTest</td><td><a href="#m7">verifyDropDownPageAvailiablity</a></td><td rowspan="1">1526388328667</td><td rowspan="1">10926</td></tr><tr class="passedeven"><td><a href="#m8">verifyGetDropDownOptions</a></td><td rowspan="1">1526388339594</td><td rowspan="1">752</td></tr><tr class="passedodd"><td rowspan="1">testng.HomePageTest</td><td><a href="#m9">verifyHomePageAvailiablity</a></td><td rowspan="1">1526388294227</td><td rowspan="1">19107</td></tr></tbody>
<tbody id="t1"><tr><th colspan="4">Firefox &#8212; failed</th></tr><tr class="failedeven"><td rowspan="1">testng.DisappearingElementsPageTest</td><td><a href="#m10">verifyBasicAuthLogin</a></td><td rowspan="1">1526388452877</td><td rowspan="1">6370</td></tr><tr><th colspan="4">Firefox &#8212; passed</th></tr><tr class="passedeven"><td rowspan="1">testng.BasicAuthTest</td><td><a href="#m11">verifyBasicAuthLogin</a></td><td rowspan="1">1526388416942</td><td rowspan="1">18121</td></tr><tr class="passedodd"><td rowspan="1">testng.BrokenImagesTest</td><td><a href="#m12">verifyBrokenImagaes</a></td><td rowspan="1">1526388417786</td><td rowspan="1">19479</td></tr><tr class="passedeven"><td rowspan="2">testng.ChallengingDomPageTest</td><td><a href="#m13">verifyButtonsAvailiablity</a></td><td rowspan="1">1526388436816</td><td rowspan="1">8519</td></tr><tr class="passedeven"><td><a href="#m14">verifyCanvasAvailiablity</a></td><td rowspan="1">1526388445335</td><td rowspan="1">177</td></tr><tr class="passedodd"><td rowspan="2">testng.CheckboxesPageTest</td><td><a href="#m15">verifyCheckAllCheckboxes</a></td><td rowspan="1">1526388439038</td><td rowspan="1">6076</td></tr><tr class="passedodd"><td><a href="#m16">verifyUncheckAllCheckboxes</a></td><td rowspan="1">1526388445114</td><td rowspan="1">628</td></tr><tr class="passedeven"><td rowspan="2">testng.DropDownPageTest</td><td><a href="#m17">verifyDropDownPageAvailiablity</a></td><td rowspan="1">1526388445514</td><td rowspan="1">5424</td></tr><tr class="passedeven"><td><a href="#m18">verifyGetDropDownOptions</a></td><td rowspan="1">1526388450943</td><td rowspan="1">355</td></tr><tr class="passedodd"><td rowspan="1">testng.HomePageTest</td><td><a href="#m19">verifyHomePageAvailiablity</a></td><td rowspan="1">1526388414852</td><td rowspan="1">14406</td></tr></tbody>
</table>
<h2>GoogleChrome</h2><h3 id="m0">testng.DisappearingElementsPageTest#verifyBasicAuthLogin</h3><table class="result"><tr><th>Exception</th></tr><tr><td><div class="stacktrace">java.lang.AssertionError: expected [5] but found [4]
	at testng.DisappearingElementsPageTest.verifyBasicAuthLogin(DisappearingElementsPageTest.java:36)
	at java.util.concurrent.ThreadPoolExecutor.runWorker(ThreadPoolExecutor.java:1142)
	at java.util.concurrent.ThreadPoolExecutor$Worker.run(ThreadPoolExecutor.java:617)
	at java.lang.Thread.run(Thread.java:745)
... Removed 16 stack frames</div></td></tr></table><p class="totop"><a href="#summary">back to summary</a></p>
<h3 id="m1">testng.BasicAuthTest#verifyBasicAuthLogin</h3><table class="result"><tr><th class="invisible"/></tr></table><p class="totop"><a href="#summary">back to summary</a></p>
<h3 id="m2">testng.BrokenImagesTest#verifyBrokenImagaes</h3><table class="result"><tr><th class="invisible"/></tr></table><p class="totop"><a href="#summary">back to summary</a></p>
<h3 id="m3">testng.ChallengingDomPageTest#verifyButtonsAvailiablity</h3><table class="result"><tr><th class="invisible"/></tr></table><p class="totop"><a href="#summary">back to summary</a></p>
<h3 id="m4">testng.ChallengingDomPageTest#verifyCanvasAvailiablity</h3><table class="result"><tr><th class="invisible"/></tr></table><p class="totop"><a href="#summary">back to summary</a></p>
<h3 id="m5">testng.CheckboxesPageTest#verifyCheckAllCheckboxes</h3><table class="result"><tr><th class="invisible"/></tr></table><p class="totop"><a href="#summary">back to summary</a></p>
<h3 id="m6">testng.CheckboxesPageTest#verifyUncheckAllCheckboxes</h3><table class="result"><tr><th class="invisible"/></tr></table><p class="totop"><a href="#summary">back to summary</a></p>
<h3 id="m7">testng.DropDownPageTest#verifyDropDownPageAvailiablity</h3><table class="result"><tr><th class="invisible"/></tr></table><p class="totop"><a href="#summary">back to summary</a></p>
<h3 id="m8">testng.DropDownPageTest#verifyGetDropDownOptions</h3><table class="result"><tr><th class="invisible"/></tr></table><p class="totop"><a href="#summary">back to summary</a></p>
<h3 id="m9">testng.HomePageTest#verifyHomePageAvailiablity</h3><table class="result"><tr><th class="invisible"/></tr></table><p class="totop"><a href="#summary">back to summary</a></p>
<h2>Firefox</h2><h3 id="m10">testng.DisappearingElementsPageTest#verifyBasicAuthLogin</h3><table class="result"><tr><th>Exception</th></tr><tr><td><div class="stacktrace">java.lang.AssertionError: expected [5] but found [4]
	at testng.DisappearingElementsPageTest.verifyBasicAuthLogin(DisappearingElementsPageTest.java:36)
	at java.util.concurrent.ThreadPoolExecutor.runWorker(ThreadPoolExecutor.java:1142)
	at java.util.concurrent.ThreadPoolExecutor$Worker.run(ThreadPoolExecutor.java:617)
	at java.lang.Thread.run(Thread.java:745)
... Removed 16 stack frames</div></td></tr></table><p class="totop"><a href="#summary">back to summary</a></p>
<h3 id="m11">testng.BasicAuthTest#verifyBasicAuthLogin</h3><table class="result"><tr><th class="invisible"/></tr></table><p class="totop"><a href="#summary">back to summary</a></p>
<h3 id="m12">testng.BrokenImagesTest#verifyBrokenImagaes</h3><table class="result"><tr><th class="invisible"/></tr></table><p class="totop"><a href="#summary">back to summary</a></p>
<h3 id="m13">testng.ChallengingDomPageTest#verifyButtonsAvailiablity</h3><table class="result"><tr><th class="invisible"/></tr></table><p class="totop"><a href="#summary">back to summary</a></p>
<h3 id="m14">testng.ChallengingDomPageTest#verifyCanvasAvailiablity</h3><table class="result"><tr><th class="invisible"/></tr></table><p class="totop"><a href="#summary">back to summary</a></p>
<h3 id="m15">testng.CheckboxesPageTest#verifyCheckAllCheckboxes</h3><table class="result"><tr><th class="invisible"/></tr></table><p class="totop"><a href="#summary">back to summary</a></p>
<h3 id="m16">testng.CheckboxesPageTest#verifyUncheckAllCheckboxes</h3><table class="result"><tr><th class="invisible"/></tr></table><p class="totop"><a href="#summary">back to summary</a></p>
<h3 id="m17">testng.DropDownPageTest#verifyDropDownPageAvailiablity</h3><table class="result"><tr><th class="invisible"/></tr></table><p class="totop"><a href="#summary">back to summary</a></p>
<h3 id="m18">testng.DropDownPageTest#verifyGetDropDownOptions</h3><table class="result"><tr><th class="invisible"/></tr></table><p class="totop"><a href="#summary">back to summary</a></p>
<h3 id="m19">testng.HomePageTest#verifyHomePageAvailiablity</h3><table class="result"><tr><th class="invisible"/></tr></table><p class="totop"><a href="#summary">back to summary</a></p>
</body>
</html>
