<?xml version="1.0" encoding="UTF-8"?>
<!-- Generated by org.testng.reporters.JUnitXMLReporter -->
<testsuite hostname="LT070613" ignored="0" name="Firefox" tests="10" failures="1" timestamp="15 May 2018 12:47:52 GMT" time="124.684" errors="0">
  <testcase name="verifyHomePageAvailiablity" time="14.406" classname="testng.HomePageTest"/>
  <testcase name="verifyBasicAuthLogin" time="18.121" classname="testng.BasicAuthTest"/>
  <testcase name="verifyBrokenImagaes" time="19.479" classname="testng.BrokenImagesTest"/>
  <testcase name="verifyCheckAllCheckboxes" time="6.076" classname="testng.CheckboxesPageTest"/>
  <testcase name="verifyButtonsAvailiablity" time="8.519" classname="testng.ChallengingDomPageTest"/>
  <testcase name="verifyCanvasAvailiablity" time="0.177" classname="testng.ChallengingDomPageTest"/>
  <testcase name="verifyUncheckAllCheckboxes" time="0.628" classname="testng.CheckboxesPageTest"/>
  <testcase name="verifyDropDownPageAvailiablity" time="5.424" classname="testng.DropDownPageTest"/>
  <testcase name="verifyGetDropDownOptions" time="0.355" classname="testng.DropDownPageTest"/>
  <testcase name="verifyBasicAuthLogin" time="6.37" classname="testng.DisappearingElementsPageTest">
    <failure type="java.lang.AssertionError" message="expected [5] but found [4]">
      <![CDATA[java.lang.AssertionError: expected [5] but found [4]
at testng.DisappearingElementsPageTest.verifyBasicAuthLogin(DisappearingElementsPageTest.java:36)
at java.util.concurrent.ThreadPoolExecutor.runWorker(ThreadPoolExecutor.java:1142)
at java.util.concurrent.ThreadPoolExecutor$Worker.run(ThreadPoolExecutor.java:617)
at java.lang.Thread.run(Thread.java:745)
... Removed 16 stack frames]]>
    </failure>
  </testcase> <!-- verifyBasicAuthLogin -->
</testsuite> <!-- Firefox -->
