<?xml version="1.0" encoding="UTF-8"?>
<!-- Generated by org.testng.reporters.JUnitXMLReporter -->
<testsuite hostname="LT070613" ignored="0" name="GoogleChrome" tests="10" failures="1" timestamp="15 May 2018 12:45:48 GMT" time="96.053" errors="0">
  <testcase name="verifyBasicAuthLogin" time="22.529" classname="testng.BasicAuthTest"/>
  <testcase name="verifyHomePageAvailiablity" time="19.107" classname="testng.HomePageTest"/>
  <testcase name="verifyBrokenImagaes" time="27.578" classname="testng.BrokenImagesTest"/>
  <testcase name="verifyCheckAllCheckboxes" time="11.589" classname="testng.CheckboxesPageTest"/>
  <testcase name="verifyUncheckAllCheckboxes" time="0.904" classname="testng.CheckboxesPageTest"/>
  <testcase name="verifyButtonsAvailiablity" time="13.274" classname="testng.ChallengingDomPageTest"/>
  <testcase name="verifyCanvasAvailiablity" time="0.569" classname="testng.ChallengingDomPageTest"/>
  <testcase name="verifyDropDownPageAvailiablity" time="10.926" classname="testng.DropDownPageTest"/>
  <testcase name="verifyGetDropDownOptions" time="0.752" classname="testng.DropDownPageTest"/>
  <testcase name="verifyBasicAuthLogin" time="10.472" classname="testng.DisappearingElementsPageTest">
    <failure type="java.lang.AssertionError" message="expected [5] but found [4]">
      <![CDATA[java.lang.AssertionError: expected [5] but found [4]
at testng.DisappearingElementsPageTest.verifyBasicAuthLogin(DisappearingElementsPageTest.java:36)
at java.util.concurrent.ThreadPoolExecutor.runWorker(ThreadPoolExecutor.java:1142)
at java.util.concurrent.ThreadPoolExecutor$Worker.run(ThreadPoolExecutor.java:617)
at java.lang.Thread.run(Thread.java:745)
... Removed 16 stack frames]]>
    </failure>
  </testcase> <!-- verifyBasicAuthLogin -->
</testsuite> <!-- GoogleChrome -->
