<html>
<head>
<title>TestNG:  GoogleChrome</title>
<link href="../testng.css" rel="stylesheet" type="text/css" />
<link href="../my-testng.css" rel="stylesheet" type="text/css" />

<style type="text/css">
.log { display: none;} 
.stack-trace { display: none;} 
</style>
<script type="text/javascript">
<!--
function flip(e) {
  current = e.style.display;
  if (current == 'block') {
    e.style.display = 'none';
    return 0;
  }
  else {
    e.style.display = 'block';
    return 1;
  }
}

function toggleBox(szDivId, elem, msg1, msg2)
{
  var res = -1;  if (document.getElementById) {
    res = flip(document.getElementById(szDivId));
  }
  else if (document.all) {
    // this is the way old msie versions work
    res = flip(document.all[szDivId]);
  }
  if(elem) {
    if(res == 0) elem.innerHTML = msg1; else elem.innerHTML = msg2;
  }

}

function toggleAllBoxes() {
  if (document.getElementsByTagName) {
    d = document.getElementsByTagName('div');
    for (i = 0; i < d.length; i++) {
      if (d[i].className == 'log') {
        flip(d[i]);
      }
    }
  }
}

// -->
</script>

</head>
<body>
<h2 align='center'>GoogleChrome</h2><table border='1' align="center">
<tr>
<td>Tests passed/Failed/Skipped:</td><td>9/1/0</td>
</tr><tr>
<td>Started on:</td><td>Tue May 15 18:14:11 IST 2018</td>
</tr>
<tr><td>Total time:</td><td>96 seconds (96053 ms)</td>
</tr><tr>
<td>Included groups:</td><td></td>
</tr><tr>
<td>Excluded groups:</td><td></td>
</tr>
</table><p/>
<small><i>(Hover the method name to see the test class name)</i></small><p/>
<table width='100%' border='1' class='invocation-failed'>
<tr><td colspan='4' align='center'><b>FAILED TESTS</b></td></tr>
<tr><td><b>Test method</b></td>
<td width="30%"><b>Exception</b></td>
<td width="10%"><b>Time (seconds)</b></td>
<td><b>Instance</b></td>
</tr>
<tr>
<td title='testng.DisappearingElementsPageTest.verifyBasicAuthLogin()'><b>verifyBasicAuthLogin</b><br>Test class: testng.DisappearingElementsPageTest</td>
<td><div><pre>java.lang.AssertionError: expected [5] but found [4]
	at testng.DisappearingElementsPageTest.verifyBasicAuthLogin(DisappearingElementsPageTest.java:36)
	at java.util.concurrent.ThreadPoolExecutor.runWorker(ThreadPoolExecutor.java:1142)
	at java.util.concurrent.ThreadPoolExecutor$Worker.run(ThreadPoolExecutor.java:617)
	at java.lang.Thread.run(Thread.java:745)
... Removed 16 stack frames</pre></div><a href='#' onClick='toggleBox("stack-trace1294412206", this, "Click to show all stack frames", "Click to hide stack frames")'>Click to show all stack frames</a>
<div class='stack-trace' id='stack-trace1294412206'><pre>java.lang.AssertionError: expected [5] but found [4]
	at org.testng.Assert.fail(Assert.java:96)
	at org.testng.Assert.failNotEquals(Assert.java:776)
	at org.testng.Assert.assertEqualsImpl(Assert.java:137)
	at org.testng.Assert.assertEquals(Assert.java:118)
	at org.testng.Assert.assertEquals(Assert.java:652)
	at org.testng.Assert.assertEquals(Assert.java:662)
	at testng.DisappearingElementsPageTest.verifyBasicAuthLogin(DisappearingElementsPageTest.java:36)
	at sun.reflect.NativeMethodAccessorImpl.invoke0(Native Method)
	at sun.reflect.NativeMethodAccessorImpl.invoke(NativeMethodAccessorImpl.java:62)
	at sun.reflect.DelegatingMethodAccessorImpl.invoke(DelegatingMethodAccessorImpl.java:43)
	at java.lang.reflect.Method.invoke(Method.java:498)
	at org.testng.internal.MethodInvocationHelper.invokeMethod(MethodInvocationHelper.java:124)
	at org.testng.internal.Invoker.invokeMethod(Invoker.java:583)
	at org.testng.internal.Invoker.invokeTestMethod(Invoker.java:719)
	at org.testng.internal.Invoker.invokeTestMethods(Invoker.java:989)
	at org.testng.internal.TestMethodWorker.invokeTestMethods(TestMethodWorker.java:125)
	at org.testng.internal.TestMethodWorker.run(TestMethodWorker.java:109)
	at java.util.concurrent.ThreadPoolExecutor.runWorker(ThreadPoolExecutor.java:1142)
	at java.util.concurrent.ThreadPoolExecutor$Worker.run(ThreadPoolExecutor.java:617)
	at java.lang.Thread.run(Thread.java:745)
</pre></div></td>
<td>10</td>
<td>testng.DisappearingElementsPageTest@3108bc</td></tr>
</table><p>
<table width='100%' border='1' class='invocation-passed'>
<tr><td colspan='4' align='center'><b>PASSED TESTS</b></td></tr>
<tr><td><b>Test method</b></td>
<td width="30%"><b>Exception</b></td>
<td width="10%"><b>Time (seconds)</b></td>
<td><b>Instance</b></td>
</tr>
<tr>
<td title='testng.BasicAuthTest.verifyBasicAuthLogin()'><b>verifyBasicAuthLogin</b><br>Test class: testng.BasicAuthTest</td>
<td></td>
<td>22</td>
<td>testng.BasicAuthTest@527740a2</td></tr>
<tr>
<td title='testng.BrokenImagesTest.verifyBrokenImagaes()'><b>verifyBrokenImagaes</b><br>Test class: testng.BrokenImagesTest</td>
<td></td>
<td>27</td>
<td>testng.BrokenImagesTest@13a5fe33</td></tr>
<tr>
<td title='testng.ChallengingDomPageTest.verifyButtonsAvailiablity()'><b>verifyButtonsAvailiablity</b><br>Test class: testng.ChallengingDomPageTest</td>
<td></td>
<td>13</td>
<td>testng.ChallengingDomPageTest@5abca1e0</td></tr>
<tr>
<td title='testng.ChallengingDomPageTest.verifyCanvasAvailiablity()'><b>verifyCanvasAvailiablity</b><br>Test class: testng.ChallengingDomPageTest</td>
<td></td>
<td>0</td>
<td>testng.ChallengingDomPageTest@5abca1e0</td></tr>
<tr>
<td title='testng.CheckboxesPageTest.verifyCheckAllCheckboxes()'><b>verifyCheckAllCheckboxes</b><br>Test class: testng.CheckboxesPageTest</td>
<td></td>
<td>11</td>
<td>testng.CheckboxesPageTest@2286778</td></tr>
<tr>
<td title='testng.DropDownPageTest.verifyDropDownPageAvailiablity()'><b>verifyDropDownPageAvailiablity</b><br>Test class: testng.DropDownPageTest</td>
<td></td>
<td>10</td>
<td>testng.DropDownPageTest@4e9ba398</td></tr>
<tr>
<td title='testng.DropDownPageTest.verifyGetDropDownOptions()'><b>verifyGetDropDownOptions</b><br>Test class: testng.DropDownPageTest</td>
<td></td>
<td>0</td>
<td>testng.DropDownPageTest@4e9ba398</td></tr>
<tr>
<td title='testng.HomePageTest.verifyHomePageAvailiablity()'><b>verifyHomePageAvailiablity</b><br>Test class: testng.HomePageTest</td>
<td></td>
<td>19</td>
<td>testng.HomePageTest@6d7b4f4c</td></tr>
<tr>
<td title='testng.CheckboxesPageTest.verifyUncheckAllCheckboxes()'><b>verifyUncheckAllCheckboxes</b><br>Test class: testng.CheckboxesPageTest</td>
<td></td>
<td>0</td>
<td>testng.CheckboxesPageTest@2286778</td></tr>
</table><p>
</body>
</html>